Log file open, 09/16/17 21:36:15
LogInit:Display: Running engine for game: SteamProject
LogPlatformFile: Not using cached read wrapper
LogInit:Display: RandInit(145335205) SRandInit(145335205).
LogTaskGraph: Started task graph with 5 named threads and 8 total threads with 1 sets of task threads.
LogStats: Stats thread started at 0.066744
LogInit: Using libcurl 7.47.1
LogInit:  - built for x86_64-pc-win32
LogInit:  - supports SSL with OpenSSL/1.0.2g
LogInit:  - supports HTTP deflate (compression) using libz 1.2.8
LogInit:  - other features:
LogInit:      CURL_VERSION_SSL
LogInit:      CURL_VERSION_LIBZ
LogInit:      CURL_VERSION_IPV6
LogInit:      CURL_VERSION_ASYNCHDNS
LogInit:      CURL_VERSION_LARGEFILE
LogInit:      CURL_VERSION_IDN
LogInit:  CurlRequestOptions (configurable via config and command line):
LogInit:  - bVerifyPeer = false  - Libcurl will NOT verify peer certificate
LogInit:  - bUseHttpProxy = false  - Libcurl will NOT use HTTP proxy
LogInit:  - bDontReuseConnections = false  - Libcurl will reuse connections
LogInit:  - CertBundlePath = nullptr  - Libcurl will use whatever was configured at build time.
LogModuleManager:Warning: No filename provided for module OnlineSubsystemSteam
LogModuleManager:Warning: ModuleManager: Unable to load module 'OnlineSubsystemSteam' because the file 'C:/Program Files/Epic Games/UE_4.15/Engine/Binaries/Win64/' was not found.
LogInit: WinSock: version 1.1 (2.2), MaxSocks=32767, MaxUdp=65467
LogInit: Build: ++UE4+Release-4.15-CL-3450819
LogInit: Engine Version: 4.15.3-3450819+++UE4+Release-4.15
LogInit: Compatible Engine Version: 4.15.0-3299760+++UE4+Release-4.15
LogInit: Net CL: 3299760
LogDevObjectVersion: Number of dev versions registered: 14
LogDevObjectVersion:   Dev-Blueprints (B0D832E4-1F89-4F0D-ACCF-7EB736FD4AA2): 8
LogDevObjectVersion:   Dev-Build (E1C64328-A22C-4D53-A36C-8E866417BD8C): 0
LogDevObjectVersion:   Dev-Core (375EC13C-06E4-48FB-B500-84F0262A717E): 2
LogDevObjectVersion:   Dev-Editor (E4B068ED-F494-42E9-A231-DA0B2E46BB41): 14
LogDevObjectVersion:   Dev-Framework (CFFC743F-43B0-4480-9391-14DF171D2073): 22
LogDevObjectVersion:   Dev-Mobile (B02B49B5-BB20-44E9-A304-32B752E40360): 0
LogDevObjectVersion:   Dev-Networking (A4E4105C-59A1-49B5-A7C5-40C4547EDFEE): 0
LogDevObjectVersion:   Dev-Online (39C831C9-5AE6-47DC-9A44-9C173E1C8E7C): 0
LogDevObjectVersion:   Dev-Physics (78F01B33-EBEA-4F98-B9B4-84EACCB95AA2): 0
LogDevObjectVersion:   Dev-Platform (6631380F-2D4D-43E0-8009-CF276956A95A): 0
LogDevObjectVersion:   Dev-Rendering (12F88B9F-8875-4AFC-A67C-D90C383ABD29): 12
LogDevObjectVersion:   Dev-Sequencer (7B5AE74C-D270-4C10-A958-57980B212A5A): 3
LogDevObjectVersion:   Dev-VR (D7296918-1DD6-4BDD-9DE2-64A83CC13884): 0
LogDevObjectVersion:   Dev-LoadTimes (C2A15278-BFE7-4AFE-6C17-90FF531DF755): 1
LogInit: Compiled (64-bit): May 21 2017 11:02:34
LogInit: Compiled with Visual C++: 19.00.23026.00
LogInit: Build Configuration: Development
LogInit: Branch Name: ++UE4+Release-4.15
LogInit: Command line:  /Temp/Autosaves/Game/Maps/UEDPCMainMenu -game -PIEVIACONSOLE -ResX=1280 -ResY=720  -Multiprocess -messaging -SessionName="Play in Standalone Game" -windowed 
LogInit: Base directory: C:/Program Files/Epic Games/UE_4.15/Engine/Binaries/Win64/
LogInit: Installed Engine Build: 1
LogInit: Presizing for max 8388607 objects, including 0 objects not considered by GC, pre-allocating 0 bytes for permanent pool.
LogInit: Object subsystem initialized
[2017.09.16-19.36.16:681][  0]LogInit: Selected Device Profile: [Windows]
[2017.09.16-19.36.16:681][  0]LogInit: Applying CVar settings loaded from the selected device profile: [Windows]
[2017.09.16-19.36.16:684][  0]LogInit: Computer: DESKTOP-N45ODSG
[2017.09.16-19.36.16:684][  0]LogInit: User: B
[2017.09.16-19.36.16:684][  0]LogInit: CPU Page size=65536, Cores=4
[2017.09.16-19.36.16:684][  0]LogInit: High frequency timer resolution =3.914064 MHz
[2017.09.16-19.36.16:684][  0]LogMemory: Memory total: Physical=15.9GB (16GB approx)
[2017.09.16-19.36.16:684][  0]LogMemory: Platform Memory Stats for Windows
[2017.09.16-19.36.16:684][  0]LogMemory: Process Physical Memory: 264.65 MB used, 264.65 MB peak
[2017.09.16-19.36.16:684][  0]LogMemory: Process Virtual Memory: 262.68 MB used, 262.68 MB peak
[2017.09.16-19.36.16:684][  0]LogMemory: Physical Memory: 6998.01 MB used,  9334.62 MB free, 16332.63 MB total
[2017.09.16-19.36.16:684][  0]LogMemory: Virtual Memory: 647.36 MB used,  9334.62 MB free, 134217728.00 MB total
[2017.09.16-19.36.16:756][  0]LogTextLocalizationManager: No specific translations for ('es-ES') exist, so ('es') translations will be used.
[2017.09.16-19.36.16:929][  0]LogD3D11RHI: D3D11 adapters:
[2017.09.16-19.36.16:958][  0]LogD3D11RHI:    0. 'NVIDIA GeForce GTX 1070' (Feature Level 11_0)
[2017.09.16-19.36.16:958][  0]LogD3D11RHI:       8085/0/8166 MB DedicatedVideo/DedicatedSystem/SharedSystem, Outputs:1, VendorId:0x10de
[2017.09.16-19.36.16:959][  0]LogD3D11RHI:    1. 'Microsoft Basic Render Driver' (Feature Level 11_0)
[2017.09.16-19.36.16:959][  0]LogD3D11RHI:       0/0/8166 MB DedicatedVideo/DedicatedSystem/SharedSystem, Outputs:0, VendorId:0x1414
[2017.09.16-19.36.16:959][  0]LogD3D11RHI: Chosen D3D11 Adapter: 0
[2017.09.16-19.36.16:964][  0]LogD3D11RHI: Creating new Direct3DDevice
[2017.09.16-19.36.16:964][  0]LogD3D11RHI:     GPU DeviceId: 0x1b81 (for the marketing name, search the web for "GPU Device Id")
[2017.09.16-19.36.16:964][  0]LogWindows: EnumDisplayDevices:
[2017.09.16-19.36.16:964][  0]LogWindows:    0. 'NVIDIA GeForce GTX 1070' (P:1 D:1)
[2017.09.16-19.36.16:964][  0]LogWindows:    1. 'NVIDIA GeForce GTX 1070' (P:0 D:0)
[2017.09.16-19.36.16:964][  0]LogWindows:    2. 'NVIDIA GeForce GTX 1070' (P:0 D:0)
[2017.09.16-19.36.16:965][  0]LogWindows:    3. 'NVIDIA GeForce GTX 1070' (P:0 D:0)
[2017.09.16-19.36.16:965][  0]LogWindows: DebugString: FoundDriverCount:4 
[2017.09.16-19.36.16:965][  0]LogD3D11RHI:     Adapter Name: NVIDIA GeForce GTX 1070
[2017.09.16-19.36.16:965][  0]LogD3D11RHI:   Driver Version: 385.28 (internal:22.21.13.8528, unified:385.28)
[2017.09.16-19.36.16:965][  0]LogD3D11RHI:      Driver Date: 8-9-2017
[2017.09.16-19.36.16:965][  0]LogRHI: Texture pool is 1361 MB (70% of 1945 MB)
[2017.09.16-19.36.16:983][  0]LogD3D11RHI: Async texture creation enabled
[2017.09.16-19.36.16:992][  0]LogD3D11RHI: GPU Timing Frequency: 1000.000000 (Debug: 2 1)
[2017.09.16-19.36.17:038][  0]LogShaderCompilers: Guid format shader working directory is 2 characters bigger than the processId version (D:/Documents/UnrealProjects/SteamProject/Intermediate/Shaders/WorkingDirectory/9336/).
[2017.09.16-19.36.17:038][  0]LogShaderCompilers: Cleaned the shader compiler working directory 'C:/Users/B/AppData/Local/Temp/UnrealShaderWorkingDir/4ADABBBB470E8E258F12568B546FEB6C/'.
[2017.09.16-19.36.17:038][  0]LogShaderCompilers:Display: Using Local Shader Compiler.
[2017.09.16-19.36.17:811][  0]LogTemp:Display: Loaded TP WindowsClientTargetPlatform
[2017.09.16-19.36.17:849][  0]LogTemp:Display: Loaded TP WindowsNoEditorTargetPlatform
[2017.09.16-19.36.17:887][  0]LogTemp:Display: Loaded TP WindowsServerTargetPlatform
[2017.09.16-19.36.17:917][  0]LogTemp:Display: Loaded TP WindowsTargetPlatform
[2017.09.16-19.36.17:917][  0]LogTargetPlatformManager:Display: Building Assets For Windows
[2017.09.16-19.36.18:209][  0]LogDerivedDataCache:Display: Max Cache Size: 512 MB
[2017.09.16-19.36.18:247][  0]LogDerivedDataCache: Loaded boot cache 0.04s 50MB C:/Users/B/AppData/Local/UnrealEngine/4.15/DerivedDataCache/Boot.ddc.
[2017.09.16-19.36.18:247][  0]LogDerivedDataCache:Display: Loaded Boot cache: C:/Users/B/AppData/Local/UnrealEngine/4.15/DerivedDataCache/Boot.ddc
[2017.09.16-19.36.18:247][  0]LogDerivedDataCache: FDerivedDataBackendGraph:  Pak pak cache file D:/Documents/UnrealProjects/SteamProject/DerivedDataCache/DDC.ddp not found, will not use a pak cache.
[2017.09.16-19.36.18:247][  0]LogDerivedDataCache: Unable to find inner node Pak for hierarchical cache Hierarchy.
[2017.09.16-19.36.18:247][  0]LogDerivedDataCache: FDerivedDataBackendGraph:  CompressedPak pak cache file D:/Documents/UnrealProjects/SteamProject/DerivedDataCache/Compressed.ddp not found, will not use a pak cache.
[2017.09.16-19.36.18:247][  0]LogDerivedDataCache: Unable to find inner node CompressedPak for hierarchical cache Hierarchy.
[2017.09.16-19.36.18:259][  0]LogDerivedDataCache:Display: Pak cache opened for reading ../../../Engine/DerivedDataCache/Compressed.ddp.
[2017.09.16-19.36.18:271][  0]LogDerivedDataCache: Using Local data cache path C:/Users/B/AppData/Local/UnrealEngine/Common/DerivedDataCache: Writable
[2017.09.16-19.36.18:277][  0]LogSlate: Using Freetype 2.6.0
[2017.09.16-19.36.18:278][  0]LogSlate: SlateFontCache - WITH_FREETYPE: 1, WITH_HARFBUZZ: 1
[2017.09.16-19.36.18:278][  0]LogSlate: SlateFontCache - WITH_FREETYPE: 1, WITH_HARFBUZZ: 1
[2017.09.16-19.36.18:461][  0]LogAssetRegistry: FAssetRegistry took 0.0001 seconds to start up
[2017.09.16-19.36.18:467][  0]LogPackageLocalizationCache: Processed 3 localized package path(s) for 2 prioritized culture(s) in 0.006037 seconds
[2017.09.16-19.36.18:480][  0]LogInit: Selected Device Profile: [Windows]
[2017.09.16-19.36.18:481][  0]LogContentStreaming: Texture pool size is 1000.00 MB
[2017.09.16-19.36.18:623][  0]LogMeshUtilities: Using QuadricMeshReduction for automatic static mesh reduction
[2017.09.16-19.36.18:651][  0]LogSimplygon: Simplygon DLL not present - disabling.
[2017.09.16-19.36.18:682][  0]LogMeshUtilities: Using SimplygonSwarm for distributed automatic mesh merging
[2017.09.16-19.36.18:682][  0]LogMeshUtilities: No automatic skeletal mesh reduction module available
[2017.09.16-19.36.18:682][  0]LogMeshUtilities: No automatic mesh merging module available
[2017.09.16-19.36.19:006][  0]LogNetVersion: GetLocalNetworkVersion: CL: 3299760, ProjectName: steamproject, ProjectVersion: , EngineNetworkVersion: 2, GameNetworkVersion: 0, NetworkChecksum: 3119142434
[2017.09.16-19.36.19:573][  0]LogMoviePlayer: Initializing movie player
[2017.09.16-19.36.19:818][  0]LogTcpMessaging: Initializing TcpMessaging bridge
[2017.09.16-19.36.19:848][  0]LogUdpMessaging: Initializing bridge on interface 0.0.0.0:0 to multicast group 230.0.0.1:6666.
[2017.09.16-19.36.20:085][  0]SourceControl: Información El control de código fuente está desactivado
[2017.09.16-19.36.20:085][  0]SourceControl: Información El control de código fuente está desactivado
[2017.09.16-19.36.20:115][  0]SourceControl: Información El control de código fuente está desactivado
[2017.09.16-19.36.20:509][  0]LogUObjectArray: 34408 objects as part of root set at end of initial load.
[2017.09.16-19.36.20:509][  0]LogUObjectAllocator: 7639328 out of 0 bytes used by permanent object pool.
[2017.09.16-19.36.20:509][  0]LogUObjectArray: CloseDisregardForGC: 0/0 objects in disregard for GC pool
[2017.09.16-19.36.20:582][  0]LogEngine: Initializing Engine...
[2017.09.16-19.36.20:582][  0]LogHMD: Failed to initialize OpenVR with code 110
[2017.09.16-19.36.20:677][  0]LogStats: UGameplayTagsManager::ConstructGameplayTagTree: Construct from data asset -  0.000 s
[2017.09.16-19.36.20:677][  0]LogStats: UGameplayTagsManager::ConstructGameplayTagTree: GameplayTagTreeChangedEvent.Broadcast -  0.000 s
[2017.09.16-19.36.20:696][  0]LogInit: XAudio2 using 'VoiceMeeter Input (VB-Audio VoiceMeeter VAIO)' : 2 channels at 48 kHz using 16 bits per sample (channel mask 0x3)
[2017.09.16-19.36.20:703][  0]LogInit: FAudioDevice initialized.
[2017.09.16-19.36.20:721][  0]LogInit: Texture streaming: Enabled
[2017.09.16-19.36.20:731][  0]LogMaterial: Uniform references updated for custom material expression Custom.
[2017.09.16-19.36.21:088][  0]LogInit:Display: Game Engine Initialized.
[2017.09.16-19.36.21:205][  0]LogInit:Display: Starting Game.
[2017.09.16-19.36.21:205][  0]LogNet: Browse: /Temp/Autosaves/Game/Maps/UEDPCMainMenu?Name=Player
[2017.09.16-19.36.21:207][  0]LogLoad: LoadMap: /Temp/Autosaves/Game/Maps/UEDPCMainMenu?Name=Player
[2017.09.16-19.36.21:223][  0]LogMemory: Platform Memory Stats for Windows
[2017.09.16-19.36.21:223][  0]LogMemory: Process Physical Memory: 663.93 MB used, 666.79 MB peak
[2017.09.16-19.36.21:223][  0]LogMemory: Process Virtual Memory: 737.64 MB used, 737.65 MB peak
[2017.09.16-19.36.21:223][  0]LogMemory: Physical Memory: 7356.34 MB used,  8976.29 MB free, 16332.63 MB total
[2017.09.16-19.36.21:223][  0]LogMemory: Virtual Memory: 1387.85 MB used,  8976.29 MB free, 134217728.00 MB total
[2017.09.16-19.36.21:223][  0]LogMemory: 
[2017.09.16-19.36.21:223][  0]Allocator Stats for TBB: (not implemented)
[2017.09.16-19.36.21:309][  0]LogAIModule: Creating AISystem for world MainMenu
[2017.09.16-19.36.21:386][  0]LogLoad: Game class is 'ThirdPersonGameMode_C'
[2017.09.16-19.36.21:389][  0]LogWorld: Bringing World /Temp/Autosaves/Game/Maps/UEDPCMainMenu.MainMenu up for play (max tick rate 0) at 2017.09.16-21.36.21
[2017.09.16-19.36.21:389][  0]LogWorld: Bringing up level for play took: 0.000450
[2017.09.16-19.36.21:409][  0]LogLoad: Took 0.201922 seconds to LoadMap(/Temp/Autosaves/Game/Maps/UEDPCMainMenu)
[2017.09.16-19.36.21:557][  0]LogRenderer: Reallocating scene render targets to support 1280x720 NumSamples 1 (Frame:2).
[2017.09.16-19.36.21:557][  0]LogLoad: (Engine Initialization) Total time: 6.32 seconds
[2017.09.16-19.36.21:557][  0]LogLoad: (Engine Initialization) Total Blueprint compile time: 0.14 seconds
[2017.09.16-19.36.21:557][  0]LogExternalProfiler: Found external profiler: VSPerf
[2017.09.16-19.36.21:557][  0]LogExternalProfiler: Using external profiler: VSPerf
[2017.09.16-19.36.21:574][  0]LogWindowsTextInputMethodSystem:Display: IME system now deactivated.
[2017.09.16-19.36.21:574][  0]LogOcInput: OculusInput pre-init called
[2017.09.16-19.36.36:481][924]LogSlate: Took 0.000142 seconds to synchronously load lazily loaded font '../../../Engine/Content/Slate/Fonts/Roboto-Regular.ttf' (155K)
[2017.09.16-19.36.40:221][156]Closing by request
[2017.09.16-19.36.40:222][156]LogWindows: FPlatformMisc::RequestExit(0)
[2017.09.16-19.36.40:223][157]LogMoviePlayer: Shutting down movie player
[2017.09.16-19.36.40:627][157]LogWindowsTextInputMethodSystem:Display: IME system now deactivated.
[2017.09.16-19.36.40:642][157]LogWindowsTextInputMethodSystem:Display: IME system now deactivated.
[2017.09.16-19.36.40:653][157]LogExit: Preparing to exit.
[2017.09.16-19.36.41:024][157]LogExit: Game engine shut down
[2017.09.16-19.36.41:089][157]LogObj: Freed 0b from 0 cluster array pools.
[2017.09.16-19.36.41:089][157]LogExit: Object subsystem successfully closed.
[2017.09.16-19.36.41:106][157]LogD3D11RHI: Shutdown
[2017.09.16-19.36.41:106][157]LogD3D11RHI: CleanupD3DDevice
[2017.09.16-19.36.41:137][157]LogD3D11RHI: ~FD3D11DynamicRHI
[2017.09.16-19.36.41:146][157]LogModuleManager: Shutting down and abandoning module SequenceRecorderSections (267)
[2017.09.16-19.36.41:146][157]LogModuleManager: Shutting down and abandoning module SequenceRecorder (265)
[2017.09.16-19.36.41:146][157]LogModuleManager: Shutting down and abandoning module AutomationController (263)
[2017.09.16-19.36.41:146][157]LogModuleManager: Shutting down and abandoning module AutomationWorker (261)
[2017.09.16-19.36.41:146][157]LogModuleManager: Shutting down and abandoning module Voice (259)
[2017.09.16-19.36.41:146][157]LogModuleManager: Shutting down and abandoning module AIModule (257)
[2017.09.16-19.36.41:146][157]LogModuleManager: Shutting down and abandoning module GameplayDebugger (256)
[2017.09.16-19.36.41:146][157]LogModuleManager: Shutting down and abandoning module AITestSuite (254)
[2017.09.16-19.36.41:146][157]LogModuleManager: Shutting down and abandoning module WmfMediaFactory (251)
[2017.09.16-19.36.41:146][157]LogModuleManager: Shutting down and abandoning module MfMediaFactory (249)
[2017.09.16-19.36.41:146][157]LogModuleManager: Shutting down and abandoning module AvfMediaFactory (247)
[2017.09.16-19.36.41:146][157]LogModuleManager: Shutting down and abandoning module AndroidMediaFactory (245)
[2017.09.16-19.36.41:146][157]LogModuleManager: Shutting down and abandoning module Media (244)
[2017.09.16-19.36.41:146][157]LogModuleManager: Shutting down and abandoning module CharacterAI (241)
[2017.09.16-19.36.41:146][157]LogModuleManager: Shutting down and abandoning module SessionServices (239)
[2017.09.16-19.36.41:146][157]LogModuleManager: Shutting down and abandoning module MovieSceneCapture (237)
[2017.09.16-19.36.41:146][157]LogModuleManager: Shutting down and abandoning module GeometryCache (235)
[2017.09.16-19.36.41:146][157]LogModuleManager: Shutting down and abandoning module GeometryCacheEd (234)
[2017.09.16-19.36.41:146][157]LogModuleManager: Shutting down and abandoning module Niagara (231)
[2017.09.16-19.36.41:146][157]LogModuleManager: Shutting down and abandoning module StreamingPauseRendering (229)
[2017.09.16-19.36.41:146][157]LogModuleManager: Shutting down and abandoning module PortalServices (227)
[2017.09.16-19.36.41:146][157]LogModuleManager: Shutting down and abandoning module PortalRpc (225)
[2017.09.16-19.36.41:146][157]LogModuleManager: Shutting down and abandoning module MessagingRpc (223)
[2017.09.16-19.36.41:146][157]LogModuleManager: Shutting down and abandoning module ProfilerService (221)
[2017.09.16-19.36.41:337][157]LogModuleManager: Shutting down and abandoning module TaskGraph (219)
[2017.09.16-19.36.41:337][157]LogModuleManager: Shutting down and abandoning module SteamVRController (217)
[2017.09.16-19.36.41:337][157]LogModuleManager: Shutting down and abandoning module SteamVR (215)
[2017.09.16-19.36.41:337][157]LogModuleManager: Shutting down and abandoning module ProceduralMeshComponent (213)
[2017.09.16-19.36.41:337][157]LogModuleManager: Shutting down and abandoning module OculusLibrary (211)
[2017.09.16-19.36.41:337][157]LogModuleManager: Shutting down and abandoning module OculusInput (209)
[2017.09.16-19.36.41:337][157]LogModuleManager: Shutting down and abandoning module MobilePatchingUtils (207)
[2017.09.16-19.36.41:337][157]LogModuleManager: Shutting down and abandoning module CustomMeshComponent (205)
[2017.09.16-19.36.41:337][157]LogModuleManager: Shutting down and abandoning module CableComponent (203)
[2017.09.16-19.36.41:337][157]LogModuleManager: Shutting down and abandoning module ArchVisCharacter (201)
[2017.09.16-19.36.41:337][157]LogModuleManager: Shutting down and abandoning module HTML5Networking (199)
[2017.09.16-19.36.41:337][157]LogModuleManager: Shutting down and abandoning module VisualStudioSourceCodeAccess (197)
[2017.09.16-19.36.41:337][157]LogModuleManager: Shutting down and abandoning module DesktopPlatform (196)
[2017.09.16-19.36.41:337][157]LogModuleManager: Shutting down and abandoning module HotReload (194)
[2017.09.16-19.36.41:337][157]LogModuleManager: Shutting down and abandoning module DirectoryWatcher (193)
[2017.09.16-19.36.41:337][157]LogModuleManager: Shutting down and abandoning module UObjectPlugin (189)
[2017.09.16-19.36.41:337][157]LogModuleManager: Shutting down and abandoning module SubversionSourceControl (187)
[2017.09.16-19.36.41:337][157]LogModuleManager: Shutting down and abandoning module PerforceSourceControl (185)
[2017.09.16-19.36.41:337][157]LogModuleManager: Shutting down and abandoning module SourceControl (184)
[2017.09.16-19.36.41:337][157]LogModuleManager: Shutting down and abandoning module PhysXVehiclesEditor (181)
[2017.09.16-19.36.41:337][157]LogModuleManager: Shutting down and abandoning module PhysXVehicles (179)
[2017.09.16-19.36.41:337][157]LogModuleManager: Shutting down and abandoning module LocationServicesBPLibrary (177)
[2017.09.16-19.36.41:337][157]LogModuleManager: Shutting down and abandoning module UdpMessaging (175)
[2017.09.16-19.36.41:438][157]LogModuleManager: Shutting down and abandoning module TcpMessaging (173)
[2017.09.16-19.36.41:829][157]LogModuleManager: Shutting down and abandoning module GameplayTagsEditor (171)
[2017.09.16-19.36.41:829][157]LogModuleManager: Shutting down and abandoning module FacialAnimation (169)
[2017.09.16-19.36.41:829][157]LogModuleManager: Shutting down and abandoning module LightPropagationVolumeRuntime (167)
[2017.09.16-19.36.41:829][157]LogModuleManager: Shutting down and abandoning module Paper2D (165)
[2017.09.16-19.36.41:829][157]LogModuleManager: Shutting down and abandoning module WindowsMoviePlayer (163)
[2017.09.16-19.36.41:829][157]LogModuleManager: Shutting down and abandoning module WmfMedia (161)
[2017.09.16-19.36.41:829][157]LogModuleManager: Shutting down and abandoning module MfMedia (159)
[2017.09.16-19.36.41:829][157]LogModuleManager: Shutting down and abandoning module MediaAssets (157)
[2017.09.16-19.36.41:829][157]LogModuleManager: Shutting down and abandoning module GameLiveStreaming (155)
[2017.09.16-19.36.41:829][157]LogModuleManager: Shutting down and abandoning module VREditor (153)
[2017.09.16-19.36.41:829][157]LogModuleManager: Shutting down and abandoning module GameplayTasksEditor (151)
[2017.09.16-19.36.41:829][157]LogModuleManager: Shutting down and abandoning module BehaviorTreeEditor (149)
[2017.09.16-19.36.41:829][157]LogModuleManager: Shutting down and abandoning module FunctionalTesting (147)
[2017.09.16-19.36.41:829][157]LogModuleManager: Shutting down and abandoning module CollisionAnalyzer (145)
[2017.09.16-19.36.41:829][157]LogModuleManager: Shutting down and abandoning module UMG (143)
[2017.09.16-19.36.41:829][157]LogModuleManager: Shutting down and abandoning module UMGEditor (142)
[2017.09.16-19.36.41:829][157]LogModuleManager: Shutting down and abandoning module Sequencer (141)
[2017.09.16-19.36.41:829][157]LogModuleManager: Shutting down and abandoning module AssetTools (139)
[2017.09.16-19.36.41:830][157]LogModuleManager: Shutting down and abandoning module MessageLog (138)
[2017.09.16-19.36.41:830][157]LogModuleManager: Shutting down and abandoning module WorkspaceMenuStructure (137)
[2017.09.16-19.36.41:830][157]LogModuleManager: Shutting down and abandoning module SlateReflector (131)
[2017.09.16-19.36.41:830][157]LogModuleManager: Shutting down and abandoning module Slate (129)
[2017.09.16-19.36.41:830][157]LogModuleManager: Shutting down and abandoning module EditorStyle (127)
[2017.09.16-19.36.41:832][157]LogModuleManager: Shutting down and abandoning module Messaging (125)
[2017.09.16-19.36.41:832][157]LogModuleManager: Shutting down and abandoning module SourceCodeAccess (123)
[2017.09.16-19.36.41:832][157]LogModuleManager: Shutting down and abandoning module HeadMountedDisplay (121)
[2017.09.16-19.36.41:832][157]LogModuleManager: Shutting down and abandoning module XAudio2 (119)
[2017.09.16-19.36.41:832][157]LogModuleManager: Shutting down and abandoning module Networking (117)
[2017.09.16-19.36.41:832][157]LogModuleManager: Shutting down and abandoning module Core (115)
[2017.09.16-19.36.41:832][157]LogModuleManager: Shutting down and abandoning module KismetCompiler (113)
[2017.09.16-19.36.41:832][157]LogModuleManager: Shutting down and abandoning module PhysXFormats (111)
[2017.09.16-19.36.41:832][157]LogModuleManager: Shutting down and abandoning module MeshUtilities (109)
[2017.09.16-19.36.41:832][157]LogModuleManager: Shutting down and abandoning module SimplygonSwarm (108)
[2017.09.16-19.36.41:832][157]LogModuleManager: Shutting down and abandoning module SimplygonMeshReduction (106)
[2017.09.16-19.36.41:832][157]LogModuleManager: Shutting down and abandoning module QuadricMeshReduction (104)
[2017.09.16-19.36.41:832][157]LogModuleManager: Shutting down and abandoning module PropertyEditor (102)
[2017.09.16-19.36.41:832][157]LogModuleManager: Shutting down and abandoning module AssetRegistry (99)
[2017.09.16-19.36.41:832][157]LogModuleManager: Shutting down and abandoning module DerivedDataCache (97)
[2017.09.16-19.36.42:281][157]LogDerivedDataCache: Shutdown
[2017.09.16-19.36.42:281][157]LogModuleManager: Shutting down and abandoning module TargetPlatform (95)
[2017.09.16-19.36.42:281][157]LogModuleManager: Shutting down and abandoning module VulkanShaderFormat (94)
[2017.09.16-19.36.42:281][157]LogModuleManager: Shutting down and abandoning module ShaderFormatOpenGL (92)
[2017.09.16-19.36.42:281][157]LogModuleManager: Shutting down and abandoning module ShaderFormatD3D (90)
[2017.09.16-19.36.42:281][157]LogModuleManager: Shutting down and abandoning module MetalShaderFormat (88)
[2017.09.16-19.36.42:281][157]LogModuleManager: Shutting down and abandoning module TextureFormatUncompressed (86)
[2017.09.16-19.36.42:281][157]LogModuleManager: Shutting down and abandoning module TextureFormatPVR (84)
[2017.09.16-19.36.42:281][157]LogModuleManager: Shutting down and abandoning module TextureFormatDXT (82)
[2017.09.16-19.36.42:281][157]LogModuleManager: Shutting down and abandoning module TextureFormatIntelISPCTexComp (80)
[2017.09.16-19.36.42:281][157]LogModuleManager: Shutting down and abandoning module TextureFormatASTC (78)
[2017.09.16-19.36.42:281][157]LogModuleManager: Shutting down and abandoning module ImageWrapper (77)
[2017.09.16-19.36.42:281][157]LogModuleManager: Shutting down and abandoning module TextureFormatAndroid (74)
[2017.09.16-19.36.42:281][157]LogModuleManager: Shutting down and abandoning module AudioFormatOpus (72)
[2017.09.16-19.36.42:281][157]LogModuleManager: Shutting down and abandoning module AudioFormatOgg (70)
[2017.09.16-19.36.42:281][157]LogModuleManager: Shutting down and abandoning module AudioFormatADPCM (68)
[2017.09.16-19.36.42:281][157]LogModuleManager: Shutting down and abandoning module WindowsTargetPlatform (66)
[2017.09.16-19.36.42:281][157]LogModuleManager: Shutting down and abandoning module WindowsServerTargetPlatform (64)
[2017.09.16-19.36.42:281][157]LogModuleManager: Shutting down and abandoning module WindowsNoEditorTargetPlatform (62)
[2017.09.16-19.36.42:281][157]LogModuleManager: Shutting down and abandoning module WindowsClientTargetPlatform (60)
[2017.09.16-19.36.42:281][157]LogModuleManager: Shutting down and abandoning module InputCore (57)
[2017.09.16-19.36.42:281][157]LogModuleManager: Shutting down and abandoning module Settings (55)
[2017.09.16-19.36.42:281][157]LogModuleManager: Shutting down and abandoning module OculusRift (53)
[2017.09.16-19.36.42:281][157]LogModuleManager: Shutting down and abandoning module GearVR (51)
[2017.09.16-19.36.42:281][157]LogModuleManager: Shutting down and abandoning module ExampleDeviceProfileSelector (49)
[2017.09.16-19.36.42:281][157]LogModuleManager: Shutting down and abandoning module OnlineBlueprintSupport (47)
[2017.09.16-19.36.42:281][157]LogModuleManager: Shutting down and abandoning module OnlineSubsystem (43)
[2017.09.16-19.36.42:281][157]LogOnline:Display: OSS: FOnlineSubsystemNull::Shutdown()
[2017.09.16-19.36.42:281][157]LogOnline:Display: Unloading online subsystem: NULL
[2017.09.16-19.36.42:281][157]LogModuleManager: Shutting down and abandoning module XMPP (37)
[2017.09.16-19.36.42:281][157]LogModuleManager: Shutting down and abandoning module HTTP (35)
[2017.09.16-19.36.42:285][157]LogModuleManager: Shutting down and abandoning module SSL (34)
[2017.09.16-19.36.42:287][157]LogModuleManager: Shutting down and abandoning module AudioEditor (30)
[2017.09.16-19.36.42:287][157]LogModuleManager: Shutting down and abandoning module TextureCompressor (28)
[2017.09.16-19.36.42:287][157]LogModuleManager: Shutting down and abandoning module ShaderCore (26)
[2017.09.16-19.36.42:287][157]LogModuleManager: Shutting down and abandoning module Landscape (24)
[2017.09.16-19.36.42:287][157]LogModuleManager: Shutting down and abandoning module SlateRHIRenderer (22)
[2017.09.16-19.36.42:287][157]LogModuleManager: Shutting down and abandoning module OpenGLDrv (20)
[2017.09.16-19.36.42:287][157]LogModuleManager: Shutting down and abandoning module D3D11RHI (18)
[2017.09.16-19.36.42:287][157]LogModuleManager: Shutting down and abandoning module AnimGraphRuntime (16)
[2017.09.16-19.36.42:287][157]LogModuleManager: Shutting down and abandoning module Renderer (14)
[2017.09.16-19.36.42:287][157]LogModuleManager: Shutting down and abandoning module Engine (12)
[2017.09.16-19.36.42:287][157]LogModuleManager: Shutting down and abandoning module CoreUObject (10)
[2017.09.16-19.36.42:287][157]LogModuleManager: Shutting down and abandoning module NetworkFile (8)
[2017.09.16-19.36.42:287][157]LogModuleManager: Shutting down and abandoning module StreamingFile (6)
[2017.09.16-19.36.42:287][157]LogModuleManager: Shutting down and abandoning module SandboxFile (4)
[2017.09.16-19.36.42:287][157]LogModuleManager: Shutting down and abandoning module PakFile (2)
[2017.09.16-19.36.42:287][157]LogExit: Exiting.
[2017.09.16-19.36.42:289][157]Log file closed, 09/16/17 21:36:42
