Log file open, 09/16/17 21:37:45
LogInit:Display: Running engine for game: SteamProject
LogPlatformFile: Not using cached read wrapper
LogInit:Display: RandInit(497151406) SRandInit(497151406).
LogTaskGraph: Started task graph with 5 named threads and 8 total threads with 1 sets of task threads.
LogStats: Stats thread started at 0.069651
LogInit: Using libcurl 7.47.1
LogInit:  - built for x86_64-pc-win32
LogInit:  - supports SSL with OpenSSL/1.0.2g
LogInit:  - supports HTTP deflate (compression) using libz 1.2.8
LogInit:  - other features:
LogInit:      CURL_VERSION_SSL
LogInit:      CURL_VERSION_LIBZ
LogInit:      CURL_VERSION_IPV6
LogInit:      CURL_VERSION_ASYNCHDNS
LogInit:      CURL_VERSION_LARGEFILE
LogInit:      CURL_VERSION_IDN
LogInit:  CurlRequestOptions (configurable via config and command line):
LogInit:  - bVerifyPeer = false  - Libcurl will NOT verify peer certificate
LogInit:  - bUseHttpProxy = false  - Libcurl will NOT use HTTP proxy
LogInit:  - bDontReuseConnections = false  - Libcurl will reuse connections
LogInit:  - CertBundlePath = nullptr  - Libcurl will use whatever was configured at build time.
LogOnline:Display: STEAM: Loading Steam SDK 1.32
LogOnline:Warning: STEAM: Steam API disabled!
LogOnline:Display: STEAM: OnlineSubsystemSteam::Shutdown()
LogInit: WinSock: version 1.1 (2.2), MaxSocks=32767, MaxUdp=65467
LogInit: Build: ++UE4+Release-4.15-CL-3450819
LogInit: Engine Version: 4.15.3-3450819+++UE4+Release-4.15
LogInit: Compatible Engine Version: 4.15.0-3299760+++UE4+Release-4.15
LogInit: Net CL: 3299760
LogDevObjectVersion: Number of dev versions registered: 14
LogDevObjectVersion:   Dev-Blueprints (B0D832E4-1F89-4F0D-ACCF-7EB736FD4AA2): 8
LogDevObjectVersion:   Dev-Build (E1C64328-A22C-4D53-A36C-8E866417BD8C): 0
LogDevObjectVersion:   Dev-Core (375EC13C-06E4-48FB-B500-84F0262A717E): 2
LogDevObjectVersion:   Dev-Editor (E4B068ED-F494-42E9-A231-DA0B2E46BB41): 14
LogDevObjectVersion:   Dev-Framework (CFFC743F-43B0-4480-9391-14DF171D2073): 22
LogDevObjectVersion:   Dev-Mobile (B02B49B5-BB20-44E9-A304-32B752E40360): 0
LogDevObjectVersion:   Dev-Networking (A4E4105C-59A1-49B5-A7C5-40C4547EDFEE): 0
LogDevObjectVersion:   Dev-Online (39C831C9-5AE6-47DC-9A44-9C173E1C8E7C): 0
LogDevObjectVersion:   Dev-Physics (78F01B33-EBEA-4F98-B9B4-84EACCB95AA2): 0
LogDevObjectVersion:   Dev-Platform (6631380F-2D4D-43E0-8009-CF276956A95A): 0
LogDevObjectVersion:   Dev-Rendering (12F88B9F-8875-4AFC-A67C-D90C383ABD29): 12
LogDevObjectVersion:   Dev-Sequencer (7B5AE74C-D270-4C10-A958-57980B212A5A): 3
LogDevObjectVersion:   Dev-VR (D7296918-1DD6-4BDD-9DE2-64A83CC13884): 0
LogDevObjectVersion:   Dev-LoadTimes (C2A15278-BFE7-4AFE-6C17-90FF531DF755): 1
LogInit: Compiled (64-bit): May 21 2017 11:02:34
LogInit: Compiled with Visual C++: 19.00.23026.00
LogInit: Build Configuration: Development
LogInit: Branch Name: ++UE4+Release-4.15
LogInit: Command line: -EpicPortal 
LogInit: Base directory: C:/Program Files/Epic Games/UE_4.15/Engine/Binaries/Win64/
LogInit: Installed Engine Build: 1
LogInit: Presizing for max 8388607 objects, including 0 objects not considered by GC, pre-allocating 0 bytes for permanent pool.
LogInit: Object subsystem initialized
[2017.09.16-19.37.46:712][  0]LogInit: Selected Device Profile: [Windows]
[2017.09.16-19.37.46:712][  0]LogInit: Applying CVar settings loaded from the selected device profile: [Windows]
[2017.09.16-19.37.46:720][  0]LogInit: Computer: DESKTOP-N45ODSG
[2017.09.16-19.37.46:720][  0]LogInit: User: B
[2017.09.16-19.37.46:720][  0]LogInit: CPU Page size=65536, Cores=4
[2017.09.16-19.37.46:720][  0]LogInit: High frequency timer resolution =3.914064 MHz
[2017.09.16-19.37.46:720][  0]LogMemory: Memory total: Physical=15.9GB (16GB approx)
[2017.09.16-19.37.46:720][  0]LogMemory: Platform Memory Stats for Windows
[2017.09.16-19.37.46:720][  0]LogMemory: Process Physical Memory: 265.81 MB used, 265.81 MB peak
[2017.09.16-19.37.46:720][  0]LogMemory: Process Virtual Memory: 262.76 MB used, 262.76 MB peak
[2017.09.16-19.37.46:720][  0]LogMemory: Physical Memory: 7011.04 MB used,  9321.59 MB free, 16332.63 MB total
[2017.09.16-19.37.46:720][  0]LogMemory: Virtual Memory: 648.54 MB used,  9321.59 MB free, 134217728.00 MB total
[2017.09.16-19.37.46:786][  0]LogInit: Overriding culture en with editor configuration.
[2017.09.16-19.37.47:241][  0]LogD3D11RHI: D3D11 adapters:
[2017.09.16-19.37.47:269][  0]LogD3D11RHI:    0. 'NVIDIA GeForce GTX 1070' (Feature Level 11_0)
[2017.09.16-19.37.47:269][  0]LogD3D11RHI:       8085/0/8166 MB DedicatedVideo/DedicatedSystem/SharedSystem, Outputs:1, VendorId:0x10de
[2017.09.16-19.37.47:270][  0]LogD3D11RHI:    1. 'Microsoft Basic Render Driver' (Feature Level 11_0)
[2017.09.16-19.37.47:270][  0]LogD3D11RHI:       0/0/8166 MB DedicatedVideo/DedicatedSystem/SharedSystem, Outputs:0, VendorId:0x1414
[2017.09.16-19.37.47:270][  0]LogD3D11RHI: Chosen D3D11 Adapter: 0
[2017.09.16-19.37.47:275][  0]LogD3D11RHI: Creating new Direct3DDevice
[2017.09.16-19.37.47:275][  0]LogD3D11RHI:     GPU DeviceId: 0x1b81 (for the marketing name, search the web for "GPU Device Id")
[2017.09.16-19.37.47:275][  0]LogWindows: EnumDisplayDevices:
[2017.09.16-19.37.47:275][  0]LogWindows:    0. 'NVIDIA GeForce GTX 1070' (P:1 D:1)
[2017.09.16-19.37.47:275][  0]LogWindows:    1. 'NVIDIA GeForce GTX 1070' (P:0 D:0)
[2017.09.16-19.37.47:276][  0]LogWindows:    2. 'NVIDIA GeForce GTX 1070' (P:0 D:0)
[2017.09.16-19.37.47:276][  0]LogWindows:    3. 'NVIDIA GeForce GTX 1070' (P:0 D:0)
[2017.09.16-19.37.47:276][  0]LogWindows: DebugString: FoundDriverCount:4 
[2017.09.16-19.37.47:276][  0]LogD3D11RHI:     Adapter Name: NVIDIA GeForce GTX 1070
[2017.09.16-19.37.47:276][  0]LogD3D11RHI:   Driver Version: 385.28 (internal:22.21.13.8528, unified:385.28)
[2017.09.16-19.37.47:276][  0]LogD3D11RHI:      Driver Date: 8-9-2017
[2017.09.16-19.37.47:276][  0]LogRHI: Texture pool is 1361 MB (70% of 1945 MB)
[2017.09.16-19.37.47:295][  0]LogD3D11RHI: Async texture creation enabled
[2017.09.16-19.37.47:305][  0]LogD3D11RHI: GPU Timing Frequency: 1000.000000 (Debug: 2 1)
[2017.09.16-19.37.47:351][  0]LogShaderCompilers: Guid format shader working directory is 1 characters bigger than the processId version (D:/Documents/UnrealProjects/SteamProject/Intermediate/Shaders/WorkingDirectory/17320/).
[2017.09.16-19.37.47:351][  0]LogShaderCompilers: Cleaned the shader compiler working directory 'C:/Users/B/AppData/Local/Temp/UnrealShaderWorkingDir/3139D4CA4AA9529F1E1DA492DB1C59B8/'.
[2017.09.16-19.37.47:351][  0]LogShaderCompilers:Display: Using Local Shader Compiler.
[2017.09.16-19.37.48:123][  0]LogTemp:Display: Loaded TP AllDesktopTargetPlatform
[2017.09.16-19.37.48:161][  0]LogTemp:Display: Loaded TP MacClientTargetPlatform
[2017.09.16-19.37.48:199][  0]LogTemp:Display: Loaded TP MacNoEditorTargetPlatform
[2017.09.16-19.37.48:239][  0]LogTemp:Display: Loaded TP MacServerTargetPlatform
[2017.09.16-19.37.48:277][  0]LogTemp:Display: Loaded TP MacTargetPlatform
[2017.09.16-19.37.48:315][  0]LogTemp:Display: Loaded TP WindowsClientTargetPlatform
[2017.09.16-19.37.48:379][  0]LogTemp:Display: Loaded TP WindowsNoEditorTargetPlatform
[2017.09.16-19.37.48:418][  0]LogTemp:Display: Loaded TP WindowsServerTargetPlatform
[2017.09.16-19.37.48:449][  0]LogTemp:Display: Loaded TP WindowsTargetPlatform
[2017.09.16-19.37.48:486][  0]LogTemp:Display: Loaded TP AndroidTargetPlatform
[2017.09.16-19.37.48:523][  0]LogTemp:Display: Loaded TP Android_ASTCTargetPlatform
[2017.09.16-19.37.48:560][  0]LogTemp:Display: Loaded TP Android_ATCTargetPlatform
[2017.09.16-19.37.48:597][  0]LogTemp:Display: Loaded TP Android_DXTTargetPlatform
[2017.09.16-19.37.48:635][  0]LogTemp:Display: Loaded TP Android_ETC1TargetPlatform
[2017.09.16-19.37.48:671][  0]LogTemp:Display: Loaded TP Android_ETC2TargetPlatform
[2017.09.16-19.37.48:747][  0]LogTemp:Display: Loaded TP Android_MultiTargetPlatform
[2017.09.16-19.37.48:747][  0]LogTemp:Display: Loaded TP Android_PVRTCTargetPlatform
[2017.09.16-19.37.48:778][  0]LogTemp:Display: Loaded TP HTML5TargetPlatform
[2017.09.16-19.37.48:857][  0]LogTemp:Display: Loaded TP IOSTargetPlatform
[2017.09.16-19.37.48:882][  0]LogTemp:Display: Loaded TP TVOSTargetPlatform
[2017.09.16-19.37.48:919][  0]LogTemp:Display: Loaded TP LinuxClientTargetPlatform
[2017.09.16-19.37.48:957][  0]LogTemp:Display: Loaded TP LinuxNoEditorTargetPlatform
[2017.09.16-19.37.48:993][  0]LogTemp:Display: Loaded TP LinuxServerTargetPlatform
[2017.09.16-19.37.49:031][  0]LogTemp:Display: Loaded TP LinuxTargetPlatform
[2017.09.16-19.37.49:031][  0]LogTargetPlatformManager:Display: Building Assets For Windows
[2017.09.16-19.37.49:331][  0]LogDerivedDataCache:Display: Max Cache Size: 512 MB
[2017.09.16-19.37.49:368][  0]LogDerivedDataCache: Loaded boot cache 0.04s 50MB C:/Users/B/AppData/Local/UnrealEngine/4.15/DerivedDataCache/Boot.ddc.
[2017.09.16-19.37.49:368][  0]LogDerivedDataCache:Display: Loaded Boot cache: C:/Users/B/AppData/Local/UnrealEngine/4.15/DerivedDataCache/Boot.ddc
[2017.09.16-19.37.49:368][  0]LogDerivedDataCache: FDerivedDataBackendGraph:  Pak pak cache file D:/Documents/UnrealProjects/SteamProject/DerivedDataCache/DDC.ddp not found, will not use a pak cache.
[2017.09.16-19.37.49:368][  0]LogDerivedDataCache: Unable to find inner node Pak for hierarchical cache Hierarchy.
[2017.09.16-19.37.49:368][  0]LogDerivedDataCache: FDerivedDataBackendGraph:  CompressedPak pak cache file D:/Documents/UnrealProjects/SteamProject/DerivedDataCache/Compressed.ddp not found, will not use a pak cache.
[2017.09.16-19.37.49:368][  0]LogDerivedDataCache: Unable to find inner node CompressedPak for hierarchical cache Hierarchy.
[2017.09.16-19.37.49:381][  0]LogDerivedDataCache:Display: Pak cache opened for reading ../../../Engine/DerivedDataCache/Compressed.ddp.
[2017.09.16-19.37.49:392][  0]LogDerivedDataCache: Using Local data cache path C:/Users/B/AppData/Local/UnrealEngine/Common/DerivedDataCache: Writable
[2017.09.16-19.37.49:398][  0]LogSlate: Using Freetype 2.6.0
[2017.09.16-19.37.49:399][  0]LogSlate: SlateFontCache - WITH_FREETYPE: 1, WITH_HARFBUZZ: 1
[2017.09.16-19.37.49:399][  0]LogSlate: SlateFontCache - WITH_FREETYPE: 1, WITH_HARFBUZZ: 1
[2017.09.16-19.37.49:586][  0]LogInit: Selected Device Profile: [Windows]
[2017.09.16-19.37.49:588][  0]LogContentStreaming: Texture pool size is 0.00 MB
[2017.09.16-19.37.49:739][  0]LogMeshUtilities: Using QuadricMeshReduction for automatic static mesh reduction
[2017.09.16-19.37.49:767][  0]LogSimplygon: Simplygon DLL not present - disabling.
[2017.09.16-19.37.49:798][  0]LogMeshUtilities: Using SimplygonSwarm for distributed automatic mesh merging
[2017.09.16-19.37.49:798][  0]LogMeshUtilities: No automatic skeletal mesh reduction module available
[2017.09.16-19.37.49:798][  0]LogMeshUtilities: No automatic mesh merging module available
[2017.09.16-19.37.50:150][  0]LogNetVersion: GetLocalNetworkVersion: CL: 3299760, ProjectName: steamproject, ProjectVersion: , EngineNetworkVersion: 2, GameNetworkVersion: 0, NetworkChecksum: 3119142434
[2017.09.16-19.37.50:188][  0]LogAssetRegistry: FAssetRegistry took 0.0217 seconds to start up
[2017.09.16-19.37.50:210][  0]LogPackageLocalizationCache: Processed 3 localized package path(s) for 1 prioritized culture(s) in 0.008025 seconds
[2017.09.16-19.37.50:215][  0]LogUObjectArray: 32500 objects as part of root set at end of initial load.
[2017.09.16-19.37.50:215][  0]LogUObjectAllocator: 7290880 out of 0 bytes used by permanent object pool.
[2017.09.16-19.37.50:215][  0]LogUObjectArray: CloseDisregardForGC: 0/0 objects in disregard for GC pool
[2017.09.16-19.37.51:362][  0]LogTcpMessaging: Initializing TcpMessaging bridge
[2017.09.16-19.37.51:408][  0]LogUdpMessaging: Initializing bridge on interface 0.0.0.0:0 to multicast group 230.0.0.1:6666.
[2017.09.16-19.37.51:797][  0]LogMaterial: Uniform references updated for custom material expression Custom.
[2017.09.16-19.37.52:045][  0]SourceControl: Info Source control is disabled
[2017.09.16-19.37.52:046][  0]SourceControl: Info Source control is disabled
[2017.09.16-19.37.52:076][  0]SourceControl: Info Source control is disabled
[2017.09.16-19.37.52:106][  0]SourceControl: Info Source control is disabled
[2017.09.16-19.37.52:887][  0]LogEngine: Initializing Engine...
[2017.09.16-19.37.52:887][  0]LogHMD: Failed to initialize OpenVR with code 110
[2017.09.16-19.37.52:965][  0]LogStats: UGameplayTagsManager::ConstructGameplayTagTree: Construct from data asset -  0.000 s
[2017.09.16-19.37.52:965][  0]LogStats: UGameplayTagsManager::ConstructGameplayTagTree: GameplayTagTreeChangedEvent.Broadcast -  0.000 s
[2017.09.16-19.37.53:046][  0]LogAIModule: Creating AISystem for world Untitled
[2017.09.16-19.37.53:066][  0]LogInit: XAudio2 using 'VoiceMeeter Input (VB-Audio VoiceMeeter VAIO)' : 2 channels at 48 kHz using 16 bits per sample (channel mask 0x3)
[2017.09.16-19.37.53:080][  0]LogInit: FAudioDevice initialized.
[2017.09.16-19.37.53:098][  0]LogDerivedDataCache: Saved boot cache 0.02s 50MB C:/Users/B/AppData/Local/UnrealEngine/4.15/DerivedDataCache/Boot.ddc.
[2017.09.16-19.37.53:104][  0]LogInit: Texture streaming: Enabled
[2017.09.16-19.37.53:166][  0]LogEngineSessionManager: EngineSessionManager initialized
[2017.09.16-19.37.53:228][  0]LogInit: Transaction tracking system initialized
[2017.09.16-19.37.53:463][  0]BlueprintLog: New page: Editor Load
[2017.09.16-19.37.54:041][  0]LocalizationService: Info Localization service is disabled
[2017.09.16-19.37.54:483][  0]LogConsoleResponse:Display: 
[2017.09.16-19.37.54:573][  0]LogCook:Display: Max memory allowance for cook 16384mb min free memory 0mb
[2017.09.16-19.37.54:573][  0]LogCook:Display: Mobile HDR setting 1
[2017.09.16-19.37.54:871][  0]LogFileCache: Scanning file cache for directory 'D:/Documents/UnrealProjects/SteamProject/Content/' took 0.01s
[2017.09.16-19.37.55:264][  0]SourceControl: Info Source control is disabled
[2017.09.16-19.37.55:265][  0]Cmd: MAP LOAD FILE="D:/Documents/UnrealProjects/SteamProject/Content/Maps/MainMenu.umap" TEMPLATE=0 SHOWPROGRESS=1 FEATURELEVEL=3
[2017.09.16-19.37.55:265][  0]LightingResults: New page: Lighting Build
[2017.09.16-19.37.55:292][  0]MapCheck: New page: Map Check
[2017.09.16-19.37.55:292][  0]LightingResults: New page: Lighting Build
[2017.09.16-19.37.55:551][  0]LogAIModule: Creating AISystem for world MainMenu
[2017.09.16-19.37.55:564][  0]LogEditorServer: Finished looking for orphan Actors (0.000 secs)
[2017.09.16-19.37.55:565][  0]Cmd: MAP CHECKDEP NOCLEARLOG
[2017.09.16-19.37.55:590][  0]MapCheck: Info Map check complete: 0 Error(s), 0 Warning(s), took 25.958ms to complete.
[2017.09.16-19.37.55:591][  0]LogFileHelpers: Loading map 'MainMenu' took 0.326
[2017.09.16-19.37.55:781][  0]LogCollectionManager: Loaded 0 collections in 0.001267 seconds
[2017.09.16-19.37.55:844][  0]LogFileCache: Scanning file cache for directory 'D:/Documents/UnrealProjects/SteamProject/Saved/Collections/' took 0.01s
[2017.09.16-19.37.55:844][  0]LogFileCache: Scanning file cache for directory 'D:/Documents/UnrealProjects/SteamProject/Content/Developers/B/Collections/' took 0.01s
[2017.09.16-19.37.55:844][  0]LogFileCache: Scanning file cache for directory 'D:/Documents/UnrealProjects/SteamProject/Content/Collections/' took 0.01s
[2017.09.16-19.37.55:844][  0]LogCollectionManager: Rebuilt the GUID cache for 0 collections in 0.000002 seconds
[2017.09.16-19.37.55:851][  0]LogContentBrowser: Native class hierarchy populated in 0.0066 seconds. Added 2247 classes and 456 folders.
[2017.09.16-19.37.55:894][  0]LogContentBrowser: Native class hierarchy updated for 'WidgetCarousel' in 0.0004 seconds. Added 0 classes and 0 folders.
[2017.09.16-19.37.55:917][  0]LogContentBrowser: Native class hierarchy updated for 'AddContentDialog' in 0.0004 seconds. Added 0 classes and 0 folders.
[2017.09.16-19.37.55:945][  0]LogContentBrowser: Native class hierarchy updated for 'SceneOutliner' in 0.0003 seconds. Added 1 classes and 2 folders.
[2017.09.16-19.37.56:014][  0]LogCrashTracker: Crashtracker disabled due to settings.
[2017.09.16-19.37.56:024][  0]LogDirectoryWatcher:Warning: Failed to begin reading directory changes for D:/Documents/UnrealProjects/SteamProject/Plugins/. Error: El sistema no puede encontrar el archivo especificado. (0x00000002)
[2017.09.16-19.37.56:031][  0]LogUObjectGlobals:Warning: Failed to find object 'Class None.'
[2017.09.16-19.37.56:081][  0]LogContentBrowser: Native class hierarchy updated for 'HierarchicalLODOutliner' in 0.0004 seconds. Added 1 classes and 2 folders.
[2017.09.16-19.37.56:082][  0]LogLoad: (Engine Initialization) Total time: 10.96 seconds
[2017.09.16-19.37.56:082][  0]LogLoad: (Engine Initialization) Total Blueprint compile time: 0.13 seconds
[2017.09.16-19.37.56:082][  0]LogExternalProfiler: Found external profiler: VSPerf
[2017.09.16-19.37.56:082][  0]LogExternalProfiler: Using external profiler: VSPerf
[2017.09.16-19.37.56:093][  0]LogWindowsTextInputMethodSystem:Display: IME system now deactivated.
[2017.09.16-19.37.56:094][  0]LogOcInput: OculusInput pre-init called
[2017.09.16-19.37.56:110][  0]LogAssetRegistry: Asset discovery search completed in 5.9438 seconds
[2017.09.16-19.37.56:110][  0]LogCollectionManager: Rebuilt the object cache for 0 collections in 0.000002 seconds (found 0 objects)
[2017.09.16-19.37.56:110][  0]LogCollectionManager: Fixed up redirectors for 0 collections in 0.000012 seconds (updated 0 objects)
[2017.09.16-19.37.56:114][  0]LogContentStreaming: Texture pool size now 1000 MB
[2017.09.16-19.37.56:120][  0]LogSlate: Took 0.000107 seconds to synchronously load lazily loaded font '../../../Engine/Content/Slate/Fonts/Roboto-Regular.ttf' (155K)
[2017.09.16-19.37.56:123][  0]LogSlate: Took 0.000136 seconds to synchronously load lazily loaded font '../../../Engine/Content/Slate/Fonts/Roboto-Bold.ttf' (160K)
[2017.09.16-19.37.56:127][  0]LogSlate: Took 0.000133 seconds to synchronously load lazily loaded font '../../../Engine/Content/Editor/Slate/Fonts/FontAwesome.ttf' (139K)
[2017.09.16-19.37.56:222][  0]LogSlate: Took 0.000113 seconds to synchronously load lazily loaded font '../../../Engine/Content/Slate/Fonts/Roboto-Light.ttf' (159K)
[2017.09.16-19.37.56:265][  0]LogRenderer: Reallocating scene render targets to support 1124x576 NumSamples 1 (Frame:2).
[2017.09.16-19.37.57:103][ 95]LogSlate: Took 0.000160 seconds to synchronously load lazily loaded font '../../../Engine/Content/Slate/Fonts/Roboto-Light.ttf' (159K)
[2017.09.16-19.39.40:827][531]LogDirectoryWatcher: A directory notification for '../../../Engine/Plugins/' was aborted.
[2017.09.16-19.39.48:022][386]LogSlate: Took 0.000098 seconds to synchronously load lazily loaded font '../../../Engine/Content/Slate/Fonts/Roboto-Light.ttf' (159K)
[2017.09.16-19.39.48:030][386]Cmd: OBJ SAVEPACKAGE PACKAGE="/Game/Maps/MainMenu" FILE="D:/Documents/UnrealProjects/SteamProject/Saved/Autosaves/Game/Maps/UEDPCMainMenu.umap" SILENT=true AUTOSAVING=true KEEPDIRTY=true
[2017.09.16-19.39.48:078][386]LogSavePackage: Save=44.72ms
[2017.09.16-19.39.48:078][386]LogSavePackage: Moving 'D:/Documents/UnrealProjects/SteamProject/Saved/UEDPCMainMenu9E908E364A1FD5FE4FC019B549ABCAE1.tmp' to 'D:/Documents/UnrealProjects/SteamProject/Saved/Autosaves/Game/Maps/UEDPCMainMenu.umap'
[2017.09.16-19.39.48:078][386]LogSavePackage:Display: Finished SavePackage D:/Documents/UnrealProjects/SteamProject/Saved/Autosaves/Game/Maps/UEDPCMainMenu.umap
[2017.09.16-19.39.48:085][386]LogEditorTransaction: Undo Spawn Play From Here Start
[2017.09.16-19.40.55:952][273]LogContentBrowser: Native class hierarchy updated for 'BlueprintGraph' in 0.0007 seconds. Added 112 classes and 0 folders.
[2017.09.16-19.40.56:454][273]LogSlate: Took 0.000108 seconds to synchronously load lazily loaded font '../../../Engine/Content/Editor/Slate/Fonts/Roboto-BoldCondensed.ttf' (158K)
[2017.09.16-19.41.11:325][994]LogSlate: Took 0.002686 seconds to synchronously load lazily loaded font '../../../Engine/Content/Editor/Slate/Fonts/Roboto-Italic.ttf' (157K)
[2017.09.16-19.42.01:929][975]BlueprintLog: New page: Compile ServerMenu
[2017.09.16-19.42.02:611][ 32]Cmd: OBJ SAVEPACKAGE PACKAGE="/Game/UI/MainMenu/ServerMenu" FILE="D:/Documents/UnrealProjects/SteamProject/Content/UI/MainMenu/ServerMenu.uasset" SILENT=true
[2017.09.16-19.42.02:658][ 32]LogSavePackage: Save=41.10ms
[2017.09.16-19.42.02:658][ 32]LogSavePackage: Moving 'D:/Documents/UnrealProjects/SteamProject/Saved/ServerMenuF75A71CE4BC641A2E47D8787FC292DAE.tmp' to 'D:/Documents/UnrealProjects/SteamProject/Content/UI/MainMenu/ServerMenu.uasset'
[2017.09.16-19.42.02:659][ 32]LogSavePackage:Display: Finished SavePackage D:/Documents/UnrealProjects/SteamProject/Content/UI/MainMenu/ServerMenu.uasset
[2017.09.16-19.42.11:839][122]BlueprintLog: New page: Compile ServerMenu
[2017.09.16-19.42.12:368][170]Cmd: OBJ SAVEPACKAGE PACKAGE="/Game/UI/MainMenu/ServerMenu" FILE="D:/Documents/UnrealProjects/SteamProject/Content/UI/MainMenu/ServerMenu.uasset" SILENT=true
[2017.09.16-19.42.12:413][170]LogSavePackage: Save=41.78ms
[2017.09.16-19.42.12:413][170]LogSavePackage: Moving 'D:/Documents/UnrealProjects/SteamProject/Saved/ServerMenu971D56C642DF86D70303FF86FCF8B64D.tmp' to 'D:/Documents/UnrealProjects/SteamProject/Content/UI/MainMenu/ServerMenu.uasset'
[2017.09.16-19.42.12:413][170]LogSavePackage:Display: Finished SavePackage D:/Documents/UnrealProjects/SteamProject/Content/UI/MainMenu/ServerMenu.uasset
[2017.09.16-19.42.17:498][769]LogTemp: Repeting last play command: Standalone Game
[2017.09.16-19.42.17:575][769]Cmd: OBJ SAVEPACKAGE PACKAGE="/Game/Maps/MainMenu" FILE="D:/Documents/UnrealProjects/SteamProject/Saved/Autosaves/Game/Maps/UEDPCMainMenu.umap" SILENT=true AUTOSAVING=true KEEPDIRTY=true
[2017.09.16-19.42.17:643][769]LogSavePackage: Save=62.58ms
[2017.09.16-19.42.17:643][769]LogSavePackage: Moving 'D:/Documents/UnrealProjects/SteamProject/Saved/UEDPCMainMenu789AB1304CEFC710605366B3257062D5.tmp' to 'D:/Documents/UnrealProjects/SteamProject/Saved/Autosaves/Game/Maps/UEDPCMainMenu.umap'
[2017.09.16-19.42.17:643][769]LogSavePackage:Display: Finished SavePackage D:/Documents/UnrealProjects/SteamProject/Saved/Autosaves/Game/Maps/UEDPCMainMenu.umap
[2017.09.16-19.42.17:648][769]LogEditorTransaction: Undo Spawn Play From Here Start
[2017.09.16-19.46.50:170][904]LogTemp: Repeting last play command: Standalone Game
[2017.09.16-19.46.50:241][904]Cmd: OBJ SAVEPACKAGE PACKAGE="/Game/Maps/MainMenu" FILE="D:/Documents/UnrealProjects/SteamProject/Saved/Autosaves/Game/Maps/UEDPCMainMenu.umap" SILENT=true AUTOSAVING=true KEEPDIRTY=true
[2017.09.16-19.46.50:307][904]LogSavePackage: Save=63.69ms
[2017.09.16-19.46.50:307][904]LogSavePackage: Moving 'D:/Documents/UnrealProjects/SteamProject/Saved/UEDPCMainMenu30575C71493B85607263FCA557E4B16E.tmp' to 'D:/Documents/UnrealProjects/SteamProject/Saved/Autosaves/Game/Maps/UEDPCMainMenu.umap'
[2017.09.16-19.46.50:308][904]LogSavePackage:Display: Finished SavePackage D:/Documents/UnrealProjects/SteamProject/Saved/Autosaves/Game/Maps/UEDPCMainMenu.umap
[2017.09.16-19.46.50:313][904]LogEditorTransaction: Undo Spawn Play From Here Start
[2017.09.16-19.48.47:062][ 94]LogDirectoryWatcher:Warning: Failed to begin reading directory changes for D:/Documents/UnrealProjects/SteamProject/Plugins/. Error: El sistema no puede encontrar el archivo especificado. (0x00000002)
[2017.09.16-19.49.53:165][408]LogDirectoryWatcher: A directory notification for '../../../Engine/Plugins/' was aborted.
[2017.09.16-19.49.54:239][537]LogTemp: Repeting last play command: Standalone Game
[2017.09.16-19.49.54:309][537]Cmd: OBJ SAVEPACKAGE PACKAGE="/Game/Maps/MainMenu" FILE="D:/Documents/UnrealProjects/SteamProject/Saved/Autosaves/Game/Maps/UEDPCMainMenu.umap" SILENT=true AUTOSAVING=true KEEPDIRTY=true
[2017.09.16-19.49.54:377][537]LogSavePackage: Save=62.56ms
[2017.09.16-19.49.54:377][537]LogSavePackage: Moving 'D:/Documents/UnrealProjects/SteamProject/Saved/UEDPCMainMenuBFF7D5C64694CAAE98BE66B6CBEC93D3.tmp' to 'D:/Documents/UnrealProjects/SteamProject/Saved/Autosaves/Game/Maps/UEDPCMainMenu.umap'
[2017.09.16-19.49.54:377][537]LogSavePackage:Display: Finished SavePackage D:/Documents/UnrealProjects/SteamProject/Saved/Autosaves/Game/Maps/UEDPCMainMenu.umap
[2017.09.16-19.49.54:382][537]LogEditorTransaction: Undo Spawn Play From Here Start
